Unity Editor version:    2020.3.22f1 (e1a7f79fd887)
Branch:                  2020.3/staging
Build type:              Release
Batch mode:              YES
macOS version:           Version 12.1 (Build 21C52)
Darwin version:          21.2.0
Architecture:            x86_64
Running under Rosetta:   NO
Available memory:        8192 MB
Using pre-set license
Pro License: NO

COMMAND LINE ARGUMENTS:
/Applications/Unity/Hub/Editor/2020.3.22f1/Unity.app/Contents/MacOS/Unity
-adb2
-batchMode
-noUpm
-name
AssetImportWorker0
-projectPath
/Users/gld/Desktop/GLD_2022/GLD_MSD62B_ThirdPerson_2022/ThirdPersonMSD62B2022
-logFile
Logs/AssetImportWorker0.log
-srvPort
49446
Successfully changed project path to: /Users/gld/Desktop/GLD_2022/GLD_MSD62B_ThirdPerson_2022/ThirdPersonMSD62B2022
/Users/gld/Desktop/GLD_2022/GLD_MSD62B_ThirdPerson_2022/ThirdPersonMSD62B2022
Using Asset Import Pipeline V2.
Refreshing native plugins compatible for Editor in 39.28 ms, found 2 plugins.
Preloading 0 native plugins for Editor in 0.00 ms.
Initialize engine version: 2020.3.22f1 (e1a7f79fd887)
[Subsystems] Discovering subsystems at path /Applications/Unity/Hub/Editor/2020.3.22f1/Unity.app/Contents/Resources/UnitySubsystems
[Subsystems] Discovering subsystems at path /Users/gld/Desktop/GLD_2022/GLD_MSD62B_ThirdPerson_2022/ThirdPersonMSD62B2022/Assets
GfxDevice: creating device client; threaded=0
2022-10-06 09:52:35.746 Unity[3005:42830] InFocus 3138D preferred device: AMD Radeon R9 M395X (high power)
2022-10-06 09:52:35.746 Unity[3005:42830] Metal devices available: 1
2022-10-06 09:52:35.746 Unity[3005:42830] 0: AMD Radeon R9 M395X (high power)
2022-10-06 09:52:35.746 Unity[3005:42830] Using device AMD Radeon R9 M395X (high power)
Initializing Metal device caps: AMD Radeon R9 M395X
Initialize mono
Mono path[0] = '/Applications/Unity/Hub/Editor/2020.3.22f1/Unity.app/Contents/Managed'
Mono path[1] = '/Applications/Unity/Hub/Editor/2020.3.22f1/Unity.app/Contents/MonoBleedingEdge/lib/mono/unityjit'
Mono config path = '/Applications/Unity/Hub/Editor/2020.3.22f1/Unity.app/Contents/MonoBleedingEdge/etc'
Using monoOptions --debugger-agent=transport=dt_socket,embedding=1,server=y,suspend=n,address=127.0.0.1:56005
Begin MonoManager ReloadAssembly
Registering precompiled unity dll's ...
Register platform support module: /Applications/Unity/Hub/Editor/2020.3.22f1/Unity.app/Contents/PlaybackEngines/MacStandaloneSupport/UnityEditor.OSXStandalone.Extensions.dll
Registered in 0.000471 seconds.
Native extension for OSXStandalone target not found
Refreshing native plugins compatible for Editor in 32.95 ms, found 2 plugins.
Preloading 0 native plugins for Editor in 0.00 ms.
Mono: successfully reloaded assembly
- Completed reload, in  1.519 seconds
Domain Reload Profiling:
	ReloadAssembly (1519ms)
		BeginReloadAssembly (58ms)
			ExecutionOrderSort (0ms)
			DisableScriptedObjects (0ms)
			BackupInstance (0ms)
			ReleaseScriptingObjects (0ms)
			CreateAndSetChildDomain (1ms)
		EndReloadAssembly (525ms)
			LoadAssemblies (57ms)
			RebuildTransferFunctionScriptingTraits (0ms)
			SetupTypeCache (177ms)
			ReleaseScriptCaches (0ms)
			RebuildScriptCaches (41ms)
			SetupLoadedEditorAssemblies (218ms)
				LogAssemblyErrors (0ms)
				InitializePlatformSupportModulesInManaged (4ms)
				SetLoadedEditorAssemblies (0ms)
				RefreshPlugins (33ms)
				BeforeProcessingInitializeOnLoad (29ms)
				ProcessInitializeOnLoadAttributes (109ms)
				ProcessInitializeOnLoadMethodAttributes (42ms)
				AfterProcessingInitializeOnLoad (0ms)
				EditorAssembliesLoaded (0ms)
			ExecutionOrderSort2 (0ms)
			AwakeInstancesAfterBackupRestoration (0ms)
Platform modules already initialized, skipping
Registering precompiled user dll's ...
Registered in 0.003629 seconds.
Begin MonoManager ReloadAssembly
Native extension for OSXStandalone target not found
Refreshing native plugins compatible for Editor in 0.52 ms, found 2 plugins.
Preloading 0 native plugins for Editor in 0.00 ms.
Mono: successfully reloaded assembly
- Completed reload, in  1.227 seconds
Domain Reload Profiling:
	ReloadAssembly (1228ms)
		BeginReloadAssembly (161ms)
			ExecutionOrderSort (0ms)
			DisableScriptedObjects (7ms)
			BackupInstance (0ms)
			ReleaseScriptingObjects (0ms)
			CreateAndSetChildDomain (23ms)
		EndReloadAssembly (999ms)
			LoadAssemblies (79ms)
			RebuildTransferFunctionScriptingTraits (0ms)
			SetupTypeCache (342ms)
			ReleaseScriptCaches (0ms)
			RebuildScriptCaches (59ms)
			SetupLoadedEditorAssemblies (396ms)
				LogAssemblyErrors (0ms)
				InitializePlatformSupportModulesInManaged (5ms)
				SetLoadedEditorAssemblies (0ms)
				RefreshPlugins (1ms)
				BeforeProcessingInitializeOnLoad (88ms)
				ProcessInitializeOnLoadAttributes (287ms)
				ProcessInitializeOnLoadMethodAttributes (12ms)
				AfterProcessingInitializeOnLoad (2ms)
				EditorAssembliesLoaded (0ms)
			ExecutionOrderSort2 (0ms)
			AwakeInstancesAfterBackupRestoration (8ms)
Platform modules already initialized, skipping
Validating Project structure ... 0.009012 seconds.
Shader import version has changed; will reimport all shaders...
Upgrading shader files ...0.010491 seconds.
Application.AssetDatabase Initial Script Refresh Start
RefreshInfo: InitialScriptRefreshV2(NoUpdateAssetOptions) scanfilter:  ... 1 filters
RefreshProfiler: Total: 0.000ms
Application.AssetDatabase Initial Script Refresh End
Application.AssetDatabase.Refresh Start
Application.AssetDatabase.Refresh End
RefreshInfo: StopAssetImportingV2(ForceSynchronousImport) scanfilter: 
RefreshProfiler: Total: 0.000ms
Launching external process: /Applications/Unity/Hub/Editor/2020.3.22f1/Unity.app/Contents/Tools/UnityShaderCompiler
Launched and connected shader compiler UnityShaderCompiler after 0.02 seconds
Initializing Unity extensions:
2022-10-06 09:52:40.015 Unity[3005:42830] NSEventModifierFlagFunction specified to -setKeyEquivalentModifierMask: for item <NSMenuItem: 0x600000748770 Font Asset, ke='Command-F12'>, but is only supported for system-provided menu items; will not be used
2022-10-06 09:52:40.018 Unity[3005:42830] NSEventModifierFlagFunction specified to -setKeyEquivalentModifierMask: for item <NSMenuItem: 0x600000755030 Font Asset, ke='Command-F12'>, but is only supported for system-provided menu items; will not be used
========================================================================
Worker process is ready to serve import requests
Refreshing native plugins compatible for Editor in 0.41 ms, found 2 plugins.
Preloading 0 native plugins for Editor in 0.00 ms.
Unloading 1507 Unused Serialized files (Serialized files now loaded: 0)
System memory in use before: 164.9 MB.
System memory in use after: 164.1 MB.

Unloading 88 unused Assets to reduce memory usage. Loaded Objects now: 1978.
Total: 3.274464 ms (FindLiveObjects: 0.159152 ms CreateObjectMapping: 0.046939 ms MarkObjects: 2.621973 ms  DeleteObjects: 0.445536 ms)

AssetImportParameters requested are different than current active one (requested -> active):
  custom:video-decoder-ogg-theora: a1e56fd34408186e4bbccfd4996cb3dc -> 
  custom:container-muxer-webm: aa71ff27fc2769a1b78a27578f13a17b -> 
  custom:container-demuxer-webm: 4f35f7cbe854078d1ac9338744f61a02 -> 
  custom:container-demuxer-ogg: 62fdf1f143b41e24485cea50d1cbac27 -> 
  custom:video-encoder-webm-vp8: eb34c28f22e8b96e1ab97ce403110664 -> 
  custom:framework-osx-AVFoundation: e770b220cccbd017edd2c1fefb359320 -> 
  custom:video-decoder-webm-vp8: 9c59270c3fd7afecdb556c50c9e8de78 -> 
  custom:audio-decoder-ogg-vorbis: bf7c407c2cedff20999df2af8eb42d56 -> 
  custom:audio-encoder-webm-vorbis: bf7c407c2cedff20999df2af8eb42d56 -> 
========================================================================
Received Import Request.
  path: Assets/ThirdPersonProjectAssetsV2 2
  artifactKey: Guid(5532dad5406cb4e00a7d4fe479d8de07) Importer(815301076,1909f56bfc062723c751e8b465ee728b)
Start importing Assets/ThirdPersonProjectAssetsV2 2 using Guid(5532dad5406cb4e00a7d4fe479d8de07) Importer(815301076,1909f56bfc062723c751e8b465ee728b)  -> (artifact id: 'd15c7974398a611416a41f9e977c2542') in 0.017875 seconds 
  Import took 0.029295 seconds .

========================================================================
Received Import Request.
  Time since last request: 188.689573 seconds.
  path: Assets/ThirdPersonProjectAssetsV2 2/Gridbox Prototype Materials
  artifactKey: Guid(0271cba4faabd014b9c336f4a808c9de) Importer(815301076,1909f56bfc062723c751e8b465ee728b)
Start importing Assets/ThirdPersonProjectAssetsV2 2/Gridbox Prototype Materials using Guid(0271cba4faabd014b9c336f4a808c9de) Importer(815301076,1909f56bfc062723c751e8b465ee728b)  -> (artifact id: '82ff6084719876656ee622e896d192d1') in 0.001504 seconds 
  Import took 0.003742 seconds .

========================================================================
Received Import Request.
  Time since last request: 7.307632 seconds.
  path: Assets/ThirdPersonProjectAssetsV2 2/Gridbox Prototype Materials/Resources
  artifactKey: Guid(8d1c710911d4cd54c940b4db8ea99a02) Importer(815301076,1909f56bfc062723c751e8b465ee728b)
Start importing Assets/ThirdPersonProjectAssetsV2 2/Gridbox Prototype Materials/Resources using Guid(8d1c710911d4cd54c940b4db8ea99a02) Importer(815301076,1909f56bfc062723c751e8b465ee728b)  -> (artifact id: '400b636304e8103392822c3091c4df30') in 0.001321 seconds 
  Import took 0.003665 seconds .

========================================================================
Received Import Request.
  Time since last request: 2.724166 seconds.
  path: Assets/ThirdPersonProjectAssetsV2 2/Gridbox Prototype Materials/Resources/Textures
  artifactKey: Guid(a1eecf8d7e6ca0e4cbf451a621a5a5a5) Importer(815301076,1909f56bfc062723c751e8b465ee728b)
Start importing Assets/ThirdPersonProjectAssetsV2 2/Gridbox Prototype Materials/Resources/Textures using Guid(a1eecf8d7e6ca0e4cbf451a621a5a5a5) Importer(815301076,1909f56bfc062723c751e8b465ee728b)  -> (artifact id: '0eec243087eaed890cf2d89f3d519e2f') in 0.001375 seconds 
  Import took 0.004019 seconds .

========================================================================
Received Import Request.
  Time since last request: 1.571616 seconds.
  path: Assets/ThirdPersonProjectAssetsV2 2/Gridbox Prototype Materials/Resources/Textures/Prototype Grid
  artifactKey: Guid(fc9460034f9ca0344843541b996a2199) Importer(815301076,1909f56bfc062723c751e8b465ee728b)
Start importing Assets/ThirdPersonProjectAssetsV2 2/Gridbox Prototype Materials/Resources/Textures/Prototype Grid using Guid(fc9460034f9ca0344843541b996a2199) Importer(815301076,1909f56bfc062723c751e8b465ee728b)  -> (artifact id: 'e5a6c1790940a369baa65c9aee935d41') in 0.001561 seconds 
  Import took 0.003934 seconds .

========================================================================
Received Import Request.
  Time since last request: 0.053285 seconds.
  path: Assets/ThirdPersonProjectAssetsV2 2/Gridbox Prototype Materials/Resources/Textures/Prototype Grid/prototype_512x512_blue1.png
  artifactKey: Guid(44cced520ecfd9f4292979a4fe8268c4) Importer(815301076,1909f56bfc062723c751e8b465ee728b)
Start importing Assets/ThirdPersonProjectAssetsV2 2/Gridbox Prototype Materials/Resources/Textures/Prototype Grid/prototype_512x512_blue1.png using Guid(44cced520ecfd9f4292979a4fe8268c4) Importer(815301076,1909f56bfc062723c751e8b465ee728b)  -> (artifact id: 'ad119d9819f9e3182d0f7bbb2a31ec7d') in 0.674968 seconds 
  Import took 0.677155 seconds .

========================================================================
Received Import Request.
  Time since last request: 0.002972 seconds.
  path: Assets/ThirdPersonProjectAssetsV2 2/Gridbox Prototype Materials/Resources/Textures/Prototype Grid/prototype_512x512_blue3.png
  artifactKey: Guid(b6fc60785b6a795478135ce6f7712c5a) Importer(815301076,1909f56bfc062723c751e8b465ee728b)
Start importing Assets/ThirdPersonProjectAssetsV2 2/Gridbox Prototype Materials/Resources/Textures/Prototype Grid/prototype_512x512_blue3.png using Guid(b6fc60785b6a795478135ce6f7712c5a) Importer(815301076,1909f56bfc062723c751e8b465ee728b)  -> (artifact id: 'e04e4f5589817f611f273413ba124a97') in 0.009882 seconds 
  Import took 0.012212 seconds .

========================================================================
Received Import Request.
  Time since last request: 0.000226 seconds.
  path: Assets/ThirdPersonProjectAssetsV2 2/Gridbox Prototype Materials/Resources/Textures/Prototype Grid/prototype_512x512_white.png
  artifactKey: Guid(9397418d1d7b12543bf27fb61b93bbea) Importer(815301076,1909f56bfc062723c751e8b465ee728b)
Start importing Assets/ThirdPersonProjectAssetsV2 2/Gridbox Prototype Materials/Resources/Textures/Prototype Grid/prototype_512x512_white.png using Guid(9397418d1d7b12543bf27fb61b93bbea) Importer(815301076,1909f56bfc062723c751e8b465ee728b)  -> (artifact id: '0f7590841c9308d3487cdad5ff175a46') in 0.007119 seconds 
  Import took 0.009890 seconds .

========================================================================
Received Import Request.
  Time since last request: 0.000223 seconds.
  path: Assets/ThirdPersonProjectAssetsV2 2/Gridbox Prototype Materials/Resources/Textures/Prototype Grid/prototype_512x512_yellow.png
  artifactKey: Guid(ee12d2bc9f5c8554d97d5beb9dc4b275) Importer(815301076,1909f56bfc062723c751e8b465ee728b)
Start importing Assets/ThirdPersonProjectAssetsV2 2/Gridbox Prototype Materials/Resources/Textures/Prototype Grid/prototype_512x512_yellow.png using Guid(ee12d2bc9f5c8554d97d5beb9dc4b275) Importer(815301076,1909f56bfc062723c751e8b465ee728b)  -> (artifact id: 'eb1dd01f5a3349050fa3b438851d3c7a') in 0.005439 seconds 
  Import took 0.007713 seconds .

========================================================================
Received Import Request.
  Time since last request: 0.000199 seconds.
  path: Assets/ThirdPersonProjectAssetsV2 2/Gridbox Prototype Materials/Resources/Textures/Prototype Grid/prototype_512x512_grey1.png
  artifactKey: Guid(dd29f35641da38647a1eeb1028211f1a) Importer(815301076,1909f56bfc062723c751e8b465ee728b)
Start importing Assets/ThirdPersonProjectAssetsV2 2/Gridbox Prototype Materials/Resources/Textures/Prototype Grid/prototype_512x512_grey1.png using Guid(dd29f35641da38647a1eeb1028211f1a) Importer(815301076,1909f56bfc062723c751e8b465ee728b)  -> (artifact id: 'dba2565f41cf505e0c314093e62f7130') in 0.006869 seconds 
  Import took 0.009328 seconds .

========================================================================
Received Import Request.
  Time since last request: 0.000242 seconds.
  path: Assets/ThirdPersonProjectAssetsV2 2/Gridbox Prototype Materials/Resources/Textures/Prototype Grid/prototype_512x512_brown.png
  artifactKey: Guid(3c227d230cca14c42822692b6aff3459) Importer(815301076,1909f56bfc062723c751e8b465ee728b)
Start importing Assets/ThirdPersonProjectAssetsV2 2/Gridbox Prototype Materials/Resources/Textures/Prototype Grid/prototype_512x512_brown.png using Guid(3c227d230cca14c42822692b6aff3459) Importer(815301076,1909f56bfc062723c751e8b465ee728b)  -> (artifact id: 'fc21ff456641b7513e4e207408fb5615') in 0.006155 seconds 
  Import took 0.008626 seconds .

========================================================================
Received Import Request.
  Time since last request: 0.000196 seconds.
  path: Assets/ThirdPersonProjectAssetsV2 2/Gridbox Prototype Materials/Resources/Textures/Prototype Grid/prototype_512x512_green2.png
  artifactKey: Guid(382df89af99b9f2459dd19206e68a63d) Importer(815301076,1909f56bfc062723c751e8b465ee728b)
Start importing Assets/ThirdPersonProjectAssetsV2 2/Gridbox Prototype Materials/Resources/Textures/Prototype Grid/prototype_512x512_green2.png using Guid(382df89af99b9f2459dd19206e68a63d) Importer(815301076,1909f56bfc062723c751e8b465ee728b)  -> (artifact id: '47a85d62a869caa31c70152d998925a8') in 0.006645 seconds 
  Import took 0.009151 seconds .

========================================================================
Received Import Request.
  Time since last request: 0.000195 seconds.
  path: Assets/ThirdPersonProjectAssetsV2 2/Gridbox Prototype Materials/Resources/Textures/Prototype Grid/prototype_512x512_green1.png
  artifactKey: Guid(4967dfcee94bddd4ba1430cb6fa1f304) Importer(815301076,1909f56bfc062723c751e8b465ee728b)
Start importing Assets/ThirdPersonProjectAssetsV2 2/Gridbox Prototype Materials/Resources/Textures/Prototype Grid/prototype_512x512_green1.png using Guid(4967dfcee94bddd4ba1430cb6fa1f304) Importer(815301076,1909f56bfc062723c751e8b465ee728b)  -> (artifact id: '05843b7db14f555b2d55490cd2eadaec') in 0.005770 seconds 
  Import took 0.008216 seconds .

========================================================================
Received Import Request.
  Time since last request: 0.000226 seconds.
  path: Assets/ThirdPersonProjectAssetsV2 2/Gridbox Prototype Materials/Resources/Textures/Prototype Grid/prototype_512x512_cyan.png
  artifactKey: Guid(6c35396cb8128474a8a73c6b19f2fe1f) Importer(815301076,1909f56bfc062723c751e8b465ee728b)
Start importing Assets/ThirdPersonProjectAssetsV2 2/Gridbox Prototype Materials/Resources/Textures/Prototype Grid/prototype_512x512_cyan.png using Guid(6c35396cb8128474a8a73c6b19f2fe1f) Importer(815301076,1909f56bfc062723c751e8b465ee728b)  -> (artifact id: 'c3024f842110d70068fb2416fbdec916') in 0.006919 seconds 
  Import took 0.009444 seconds .

========================================================================
Received Import Request.
  Time since last request: 0.000427 seconds.
  path: Assets/ThirdPersonProjectAssetsV2 2/Gridbox Prototype Materials/Resources/Textures/Prototype Grid/prototype_512x512_red.png
  artifactKey: Guid(3d6064e2e1cd7214e9f67f3a68f494fb) Importer(815301076,1909f56bfc062723c751e8b465ee728b)
Start importing Assets/ThirdPersonProjectAssetsV2 2/Gridbox Prototype Materials/Resources/Textures/Prototype Grid/prototype_512x512_red.png using Guid(3d6064e2e1cd7214e9f67f3a68f494fb) Importer(815301076,1909f56bfc062723c751e8b465ee728b)  -> (artifact id: '571cba5ae593183d20e340fbe40820b9') in 0.006309 seconds 
  Import took 0.009188 seconds .

========================================================================
Received Import Request.
  Time since last request: 0.000258 seconds.
  path: Assets/ThirdPersonProjectAssetsV2 2/Gridbox Prototype Materials/Resources/Textures/Prototype Grid/prototype_512x512_purple.png
  artifactKey: Guid(aa0c741df9dd8634c8d84fd9ba2b0e3d) Importer(815301076,1909f56bfc062723c751e8b465ee728b)
Start importing Assets/ThirdPersonProjectAssetsV2 2/Gridbox Prototype Materials/Resources/Textures/Prototype Grid/prototype_512x512_purple.png using Guid(aa0c741df9dd8634c8d84fd9ba2b0e3d) Importer(815301076,1909f56bfc062723c751e8b465ee728b)  -> (artifact id: '0bb7a65d1bd7badfc098c3c3f42485c1') in 0.008545 seconds 
  Import took 0.011443 seconds .

========================================================================
Received Import Request.
  Time since last request: 0.000259 seconds.
  path: Assets/ThirdPersonProjectAssetsV2 2/Gridbox Prototype Materials/Resources/Textures/Prototype Grid/prototype_512x512_blue2.png
  artifactKey: Guid(17198718c5735204999fb13dc36e290f) Importer(815301076,1909f56bfc062723c751e8b465ee728b)
Start importing Assets/ThirdPersonProjectAssetsV2 2/Gridbox Prototype Materials/Resources/Textures/Prototype Grid/prototype_512x512_blue2.png using Guid(17198718c5735204999fb13dc36e290f) Importer(815301076,1909f56bfc062723c751e8b465ee728b)  -> (artifact id: '7a7e13c1ea8d801949d093199e1db10c') in 0.008617 seconds 
  Import took 0.011972 seconds .

========================================================================
Received Import Request.
  Time since last request: 0.000516 seconds.
  path: Assets/ThirdPersonProjectAssetsV2 2/Gridbox Prototype Materials/Resources/Textures/Prototype Grid/prototype_512x512_orange.png
  artifactKey: Guid(fe3e0a556829be24bb87c912d79e872d) Importer(815301076,1909f56bfc062723c751e8b465ee728b)
Start importing Assets/ThirdPersonProjectAssetsV2 2/Gridbox Prototype Materials/Resources/Textures/Prototype Grid/prototype_512x512_orange.png using Guid(fe3e0a556829be24bb87c912d79e872d) Importer(815301076,1909f56bfc062723c751e8b465ee728b)  -> (artifact id: '83c5de652bc6181d2ce0d99608ec791e') in 0.008698 seconds 
  Import took 0.013154 seconds .

========================================================================
Received Import Request.
  Time since last request: 0.000698 seconds.
  path: Assets/ThirdPersonProjectAssetsV2 2/Gridbox Prototype Materials/Resources/Textures/Prototype Grid/prototype_512x512_grey2.png
  artifactKey: Guid(37920ac3813690349a856bbe19a86e2b) Importer(815301076,1909f56bfc062723c751e8b465ee728b)
Start importing Assets/ThirdPersonProjectAssetsV2 2/Gridbox Prototype Materials/Resources/Textures/Prototype Grid/prototype_512x512_grey2.png using Guid(37920ac3813690349a856bbe19a86e2b) Importer(815301076,1909f56bfc062723c751e8b465ee728b)  -> (artifact id: 'c8a0af2d6c7be5639cfab3cfa31832cc') in 0.009921 seconds 
  Import took 0.014360 seconds .

========================================================================
Received Import Request.
  Time since last request: 0.000372 seconds.
  path: Assets/ThirdPersonProjectAssetsV2 2/Gridbox Prototype Materials/Resources/Textures/Prototype Grid/prototype_512x512_grey3.png
  artifactKey: Guid(d9c0dd5cdac07b145be73329e489869a) Importer(815301076,1909f56bfc062723c751e8b465ee728b)
Start importing Assets/ThirdPersonProjectAssetsV2 2/Gridbox Prototype Materials/Resources/Textures/Prototype Grid/prototype_512x512_grey3.png using Guid(d9c0dd5cdac07b145be73329e489869a) Importer(815301076,1909f56bfc062723c751e8b465ee728b)  -> (artifact id: 'e34eeee6439a78a7996db6f0722998a3') in 0.009525 seconds 
  Import took 0.013813 seconds .

========================================================================
Received Import Request.
  Time since last request: 0.000412 seconds.
  path: Assets/ThirdPersonProjectAssetsV2 2/Gridbox Prototype Materials/Resources/Textures/Prototype Grid/prototype_512x512_grey4.png
  artifactKey: Guid(ed0c2c8a99e92e14ba740ac8aa428288) Importer(815301076,1909f56bfc062723c751e8b465ee728b)
Start importing Assets/ThirdPersonProjectAssetsV2 2/Gridbox Prototype Materials/Resources/Textures/Prototype Grid/prototype_512x512_grey4.png using Guid(ed0c2c8a99e92e14ba740ac8aa428288) Importer(815301076,1909f56bfc062723c751e8b465ee728b)  -> (artifact id: '928cd4c624863cbb70c49f726f9efca0') in 0.008990 seconds 
  Import took 0.012765 seconds .

========================================================================
Received Import Request.
  Time since last request: 759.345735 seconds.
  path: Assets/ThirdPersonProjectAssetsV2 2/Invector-3rdPersonController_LITE
  artifactKey: Guid(c2f95e33df0a4c74aa1dd58aa0bf9ff8) Importer(815301076,1909f56bfc062723c751e8b465ee728b)
Start importing Assets/ThirdPersonProjectAssetsV2 2/Invector-3rdPersonController_LITE using Guid(c2f95e33df0a4c74aa1dd58aa0bf9ff8) Importer(815301076,1909f56bfc062723c751e8b465ee728b)  -> (artifact id: '5a54db10db2327e178ad3ac7e836c2db') in 0.000999 seconds 
  Import took 0.003499 seconds .

========================================================================
Received Import Request.
  Time since last request: 257.861353 seconds.
  path: Assets/ThirdPersonProjectAssetsV2 2/3D Models
  artifactKey: Guid(51714f275362fb1458dba51a179b1563) Importer(815301076,1909f56bfc062723c751e8b465ee728b)
Start importing Assets/ThirdPersonProjectAssetsV2 2/3D Models using Guid(51714f275362fb1458dba51a179b1563) Importer(815301076,1909f56bfc062723c751e8b465ee728b)  -> (artifact id: 'c0f36b2d37036648b6b53d1edffe2daa') in 0.000865 seconds 
  Import took 0.003341 seconds .

========================================================================
Received Import Request.
  Time since last request: 2.032698 seconds.
  path: Assets/ThirdPersonProjectAssetsV2 2/3D Models/ToonSoldiers_demo
  artifactKey: Guid(633cf22f74e79954d91d3a8911530e21) Importer(815301076,1909f56bfc062723c751e8b465ee728b)
Start importing Assets/ThirdPersonProjectAssetsV2 2/3D Models/ToonSoldiers_demo using Guid(633cf22f74e79954d91d3a8911530e21) Importer(815301076,1909f56bfc062723c751e8b465ee728b)  -> (artifact id: 'bd2a6d6d5c85026929037cb20567e7f4') in 0.001368 seconds 
  Import took 0.020439 seconds .

========================================================================
Received Import Request.
  Time since last request: 0.045803 seconds.
  path: Assets/ThirdPersonProjectAssetsV2 2/3D Models/ToonSoldiers_demo/ToonSoldiers.jpg
  artifactKey: Guid(7b2e68d74838620449224ed52b761920) Importer(815301076,1909f56bfc062723c751e8b465ee728b)
Start importing Assets/ThirdPersonProjectAssetsV2 2/3D Models/ToonSoldiers_demo/ToonSoldiers.jpg using Guid(7b2e68d74838620449224ed52b761920) Importer(815301076,1909f56bfc062723c751e8b465ee728b)  -> (artifact id: '62d98910436bfd2ab4190f5357f8e8b1') in 0.603804 seconds 
  Import took 0.606260 seconds .

========================================================================
Received Import Request.
  Time since last request: 1.712671 seconds.
  path: Assets/ThirdPersonProjectAssetsV2 2/3D Models/ToonSoldiers_demo/models
  artifactKey: Guid(9da44201e2fbc5f4683601a278464a32) Importer(815301076,1909f56bfc062723c751e8b465ee728b)
Start importing Assets/ThirdPersonProjectAssetsV2 2/3D Models/ToonSoldiers_demo/models using Guid(9da44201e2fbc5f4683601a278464a32) Importer(815301076,1909f56bfc062723c751e8b465ee728b)  -> (artifact id: 'b5de5a031a59c2e333c6a1b78ccbd955') in 0.000972 seconds 
  Import took 0.003369 seconds .

========================================================================
Received Import Request.
  Time since last request: 0.115572 seconds.
  path: Assets/ThirdPersonProjectAssetsV2 2/3D Models/ToonSoldiers_demo/models/ToonSoldier_demo.FBX
  artifactKey: Guid(c6acf3f29c109e4439950c8f6a85cb2b) Importer(815301076,1909f56bfc062723c751e8b465ee728b)
Start importing Assets/ThirdPersonProjectAssetsV2 2/3D Models/ToonSoldiers_demo/models/ToonSoldier_demo.FBX using Guid(c6acf3f29c109e4439950c8f6a85cb2b) Importer(815301076,1909f56bfc062723c751e8b465ee728b)  -> (artifact id: '45a3afe0ae5ccdf318f638e0af9c1314') in 1.139956 seconds 
  Import took 1.142283 seconds .

========================================================================
Received Import Request.
  Time since last request: 43.098719 seconds.
  path: Assets/ThirdPersonProjectAssetsV2 2/3D Models/RPG Pack/Prefabs/Bottle_Endurance.prefab
  artifactKey: Guid(11e31a2ebb4e6e246bcf8c0ba034a031) Importer(815301076,1909f56bfc062723c751e8b465ee728b)
Start importing Assets/ThirdPersonProjectAssetsV2 2/3D Models/RPG Pack/Prefabs/Bottle_Endurance.prefab using Guid(11e31a2ebb4e6e246bcf8c0ba034a031) Importer(815301076,1909f56bfc062723c751e8b465ee728b)  -> (artifact id: '9c06118a252c93465817a329ea0d986f') in 0.437918 seconds 
  Import took 0.440451 seconds .

========================================================================
Received Import Request.
  Time since last request: 0.003569 seconds.
  path: Assets/ThirdPersonProjectAssetsV2 2/Invector-3rdPersonController_LITE/3D Models/Others/NewAssets/stepUp.prefab
  artifactKey: Guid(b485a54006d31cc4589985f0b9f75dc6) Importer(815301076,1909f56bfc062723c751e8b465ee728b)
Start importing Assets/ThirdPersonProjectAssetsV2 2/Invector-3rdPersonController_LITE/3D Models/Others/NewAssets/stepUp.prefab using Guid(b485a54006d31cc4589985f0b9f75dc6) Importer(815301076,1909f56bfc062723c751e8b465ee728b)  -> (artifact id: '114b470e645fa5c153350de94accf874') in 0.250173 seconds 
  Import took 0.252692 seconds .

========================================================================
Received Import Request.
  Time since last request: 0.000290 seconds.
  path: Assets/ThirdPersonProjectAssetsV2 2/3D Models/Props/Weapons/Grenades/RGD5/Prefabs/RGD-5 Green.prefab
  artifactKey: Guid(9d7a93e78002ce04e86ca9df6e27a66f) Importer(815301076,1909f56bfc062723c751e8b465ee728b)
Start importing Assets/ThirdPersonProjectAssetsV2 2/3D Models/Props/Weapons/Grenades/RGD5/Prefabs/RGD-5 Green.prefab using Guid(9d7a93e78002ce04e86ca9df6e27a66f) Importer(815301076,1909f56bfc062723c751e8b465ee728b)  -> (artifact id: 'bc850ad475089b899e9c348497b201eb') in 0.494564 seconds 
  Import took 0.499023 seconds .

========================================================================
Received Import Request.
  Time since last request: 0.000245 seconds.
  path: Assets/ThirdPersonProjectAssetsV2 2/3D Models/Props/Weapons/Explosions/Explosion.prefab
  artifactKey: Guid(4dbb8f620cc72164e8e818495341c8f5) Importer(815301076,1909f56bfc062723c751e8b465ee728b)
Start importing Assets/ThirdPersonProjectAssetsV2 2/3D Models/Props/Weapons/Explosions/Explosion.prefab using Guid(4dbb8f620cc72164e8e818495341c8f5) Importer(815301076,1909f56bfc062723c751e8b465ee728b)  -> (artifact id: '4612451a0185b52d1c15e509f02addba') in 0.012130 seconds 
  Import took 0.015022 seconds .

========================================================================
Received Import Request.
  Time since last request: 0.000307 seconds.
  path: Assets/ThirdPersonProjectAssetsV2 2/Invector-3rdPersonController_LITE/3D Models/Characters/Invector@V-Bot 2.0/Prefab/VBOT2.0_Custom.prefab
  artifactKey: Guid(5563b2c1cf35cae4f8490dfea2d2aa41) Importer(815301076,1909f56bfc062723c751e8b465ee728b)
Start importing Assets/ThirdPersonProjectAssetsV2 2/Invector-3rdPersonController_LITE/3D Models/Characters/Invector@V-Bot 2.0/Prefab/VBOT2.0_Custom.prefab using Guid(5563b2c1cf35cae4f8490dfea2d2aa41) Importer(815301076,1909f56bfc062723c751e8b465ee728b)  -> (artifact id: 'a2a71d1936f6428fd71e609adc9d4666') in 0.272037 seconds 
  Import took 0.279145 seconds .

========================================================================
Received Import Request.
  Time since last request: 0.000239 seconds.
  path: Assets/ThirdPersonProjectAssetsV2 2/3D Models/Props/Weapons/Grenades/RGD5/Prefabs/RGD-5 Black.prefab
  artifactKey: Guid(c0d992728432ab3418d4bfce254bbbb2) Importer(815301076,1909f56bfc062723c751e8b465ee728b)
Start importing Assets/ThirdPersonProjectAssetsV2 2/3D Models/Props/Weapons/Grenades/RGD5/Prefabs/RGD-5 Black.prefab using Guid(c0d992728432ab3418d4bfce254bbbb2) Importer(815301076,1909f56bfc062723c751e8b465ee728b)  -> (artifact id: 'cc9a6f54541ff5bcc974561741c31a84') in 0.034981 seconds 
  Import took 0.038713 seconds .

========================================================================
Received Import Request.
  Time since last request: 0.000191 seconds.
  path: Assets/ThirdPersonProjectAssetsV2 2/3D Models/RPG Pack/Models/Box.FBX
  artifactKey: Guid(bf5c3e0cc8f27e44fa80b78fbca7ac1a) Importer(815301076,1909f56bfc062723c751e8b465ee728b)
Start importing Assets/ThirdPersonProjectAssetsV2 2/3D Models/RPG Pack/Models/Box.FBX using Guid(bf5c3e0cc8f27e44fa80b78fbca7ac1a) Importer(815301076,1909f56bfc062723c751e8b465ee728b)  -> (artifact id: '40ba06693956af8d9409c17f3fa9a370') in 0.131474 seconds 
  Import took 0.134240 seconds .

========================================================================
Received Import Request.
  Time since last request: 0.000633 seconds.
  path: Assets/ThirdPersonProjectAssetsV2 2/Explosions/Explosion.prefab
  artifactKey: Guid(18df030558f92a84dadd4b5523d76809) Importer(815301076,1909f56bfc062723c751e8b465ee728b)
Start importing Assets/ThirdPersonProjectAssetsV2 2/Explosions/Explosion.prefab using Guid(18df030558f92a84dadd4b5523d76809) Importer(815301076,1909f56bfc062723c751e8b465ee728b)  -> (artifact id: 'd237f03ab08e2ec110062df4f2c57a6f') in 0.014207 seconds 
  Import took 0.027154 seconds .

========================================================================
Received Import Request.
  Time since last request: 0.000261 seconds.
  path: Assets/ThirdPersonProjectAssetsV2 2/Invector-3rdPersonController_LITE/3D Models/Others/invector-icon.fbx
  artifactKey: Guid(82d677cc46649fa4cb8988583aaa1623) Importer(815301076,1909f56bfc062723c751e8b465ee728b)
Start importing Assets/ThirdPersonProjectAssetsV2 2/Invector-3rdPersonController_LITE/3D Models/Others/invector-icon.fbx using Guid(82d677cc46649fa4cb8988583aaa1623) Importer(815301076,1909f56bfc062723c751e8b465ee728b)  -> (artifact id: 'f6583cd21fac6827e1258a56ed44968e') in 0.198847 seconds 
  Import took 0.201245 seconds .

========================================================================
Received Import Request.
  Time since last request: 0.003366 seconds.
  path: Assets/ThirdPersonProjectAssetsV2 2/Invector-3rdPersonController_LITE/3D Models/Others/NewAssets/Icosphere.prefab
  artifactKey: Guid(ecf8c4fb42504754cba503641e324366) Importer(815301076,1909f56bfc062723c751e8b465ee728b)
Start importing Assets/ThirdPersonProjectAssetsV2 2/Invector-3rdPersonController_LITE/3D Models/Others/NewAssets/Icosphere.prefab using Guid(ecf8c4fb42504754cba503641e324366) Importer(815301076,1909f56bfc062723c751e8b465ee728b)  -> (artifact id: '63aae4431645cecfba2f574efff9aa7f') in 0.177343 seconds 
  Import took 0.180402 seconds .

========================================================================
Received Import Request.
  Time since last request: 0.000208 seconds.
  path: Assets/ThirdPersonProjectAssetsV2 2/3D Models/Props/Weapons/Grenades/RGD5/Prefabs/RGD-5 Yellow.prefab
  artifactKey: Guid(b99bd7b379666b4419ae4c6c770ce08f) Importer(815301076,1909f56bfc062723c751e8b465ee728b)
Start importing Assets/ThirdPersonProjectAssetsV2 2/3D Models/Props/Weapons/Grenades/RGD5/Prefabs/RGD-5 Yellow.prefab using Guid(b99bd7b379666b4419ae4c6c770ce08f) Importer(815301076,1909f56bfc062723c751e8b465ee728b)  -> (artifact id: '5245a9931d9266414319643552a1df1a') in 0.036161 seconds 
  Import took 0.039780 seconds .

========================================================================
Received Import Request.
  Time since last request: 0.000289 seconds.
  path: Assets/ThirdPersonProjectAssetsV2 2/3D Models/Props/Weapons/Grenades/RGD5/Mesh/RGD5_LOD0.FBX
  artifactKey: Guid(2d81ef914a71f91468a51e3a808fd474) Importer(815301076,1909f56bfc062723c751e8b465ee728b)
Start importing Assets/ThirdPersonProjectAssetsV2 2/3D Models/Props/Weapons/Grenades/RGD5/Mesh/RGD5_LOD0.FBX using Guid(2d81ef914a71f91468a51e3a808fd474) Importer(815301076,1909f56bfc062723c751e8b465ee728b)  -> (artifact id: '45dd327eb827eb1b5bdfc77149926dc2') in 0.051444 seconds 
  Import took 0.055134 seconds .

========================================================================
Received Import Request.
  Time since last request: 0.000223 seconds.
  path: Assets/ThirdPersonProjectAssetsV2 2/Invector-3rdPersonController_LITE/3D Models/Others/HealthItem/health.fbx
  artifactKey: Guid(33467abb1755ec142a053756c3f7f87f) Importer(815301076,1909f56bfc062723c751e8b465ee728b)
Start importing Assets/ThirdPersonProjectAssetsV2 2/Invector-3rdPersonController_LITE/3D Models/Others/HealthItem/health.fbx using Guid(33467abb1755ec142a053756c3f7f87f) Importer(815301076,1909f56bfc062723c751e8b465ee728b)  -> (artifact id: 'c2d351bfd87c5275a02b46bd678453d9') in 0.014180 seconds 
  Import took 0.016630 seconds .

========================================================================
Received Import Request.
  Time since last request: 0.000273 seconds.
  path: Assets/ThirdPersonProjectAssetsV2 2/Invector-3rdPersonController_LITE/3D Models/Others/NewAssets/piece.prefab
  artifactKey: Guid(782d52d115c7ce84ab933bf328e854b8) Importer(815301076,1909f56bfc062723c751e8b465ee728b)
Start importing Assets/ThirdPersonProjectAssetsV2 2/Invector-3rdPersonController_LITE/3D Models/Others/NewAssets/piece.prefab using Guid(782d52d115c7ce84ab933bf328e854b8) Importer(815301076,1909f56bfc062723c751e8b465ee728b)  -> (artifact id: '9954b05e1191fd080a473d2b727c6f02') in 0.011894 seconds 
  Import took 0.014757 seconds .

========================================================================
Received Import Request.
  Time since last request: 0.000277 seconds.
  path: Assets/ThirdPersonProjectAssetsV2 2/Invector-3rdPersonController_LITE/3D Models/Others/NewAssets/Stairs.prefab
  artifactKey: Guid(db0b3ea198141184fab2364e6a276864) Importer(815301076,1909f56bfc062723c751e8b465ee728b)
Start importing Assets/ThirdPersonProjectAssetsV2 2/Invector-3rdPersonController_LITE/3D Models/Others/NewAssets/Stairs.prefab using Guid(db0b3ea198141184fab2364e6a276864) Importer(815301076,1909f56bfc062723c751e8b465ee728b)  -> (artifact id: 'f041bc3cdad710d712ea5d34231de663') in 0.106967 seconds 
  Import took 0.109508 seconds .

========================================================================
Received Import Request.
  Time since last request: 0.000230 seconds.
  path: Assets/ThirdPersonProjectAssetsV2 2/3D Models/RPG Pack/Prefabs/Bottle_Mana.prefab
  artifactKey: Guid(2cf6690298568294cb6b655c0a3aeb87) Importer(815301076,1909f56bfc062723c751e8b465ee728b)
Start importing Assets/ThirdPersonProjectAssetsV2 2/3D Models/RPG Pack/Prefabs/Bottle_Mana.prefab using Guid(2cf6690298568294cb6b655c0a3aeb87) Importer(815301076,1909f56bfc062723c751e8b465ee728b)  -> (artifact id: '02ac6d2d44e6d145d41ed8a5197c7346') in 0.014621 seconds 
  Import took 0.017283 seconds .

========================================================================
Received Import Request.
  Time since last request: 0.000226 seconds.
  path: Assets/ThirdPersonProjectAssetsV2 2/3D Models/RPG Pack/Models/Coin.FBX
  artifactKey: Guid(242d0c84f77361d4abc018c8b39c5d92) Importer(815301076,1909f56bfc062723c751e8b465ee728b)
Start importing Assets/ThirdPersonProjectAssetsV2 2/3D Models/RPG Pack/Models/Coin.FBX using Guid(242d0c84f77361d4abc018c8b39c5d92) Importer(815301076,1909f56bfc062723c751e8b465ee728b)  -> (artifact id: '03704faafab669eac10d51273e09baea') in 0.015043 seconds 
  Import took 0.017608 seconds .

========================================================================
Received Import Request.
  Time since last request: 0.001195 seconds.
  path: Assets/ThirdPersonProjectAssetsV2 2/Explosions/Grenade.prefab
  artifactKey: Guid(5d352ce4a1731114cb14664212312a46) Importer(815301076,1909f56bfc062723c751e8b465ee728b)
Start importing Assets/ThirdPersonProjectAssetsV2 2/Explosions/Grenade.prefab using Guid(5d352ce4a1731114cb14664212312a46) Importer(815301076,1909f56bfc062723c751e8b465ee728b)  -> (artifact id: 'd67a80254efd59ebdf551ff40cd7a459') in 0.036698 seconds 
  Import took 0.041518 seconds .

========================================================================
Received Import Request.
  Time since last request: 0.000220 seconds.
  path: Assets/ThirdPersonProjectAssetsV2 2/Invector-3rdPersonController_LITE/3D Models/Others/HealthItem/sphere-health.fbx
  artifactKey: Guid(0efea8e0c1e8eeb4688d7619f24ea10e) Importer(815301076,1909f56bfc062723c751e8b465ee728b)
Start importing Assets/ThirdPersonProjectAssetsV2 2/Invector-3rdPersonController_LITE/3D Models/Others/HealthItem/sphere-health.fbx using Guid(0efea8e0c1e8eeb4688d7619f24ea10e) Importer(815301076,1909f56bfc062723c751e8b465ee728b)  -> (artifact id: 'c34b7beb17a9dce7e3b4f4469375cccf') in 0.271884 seconds 
  Import took 0.274616 seconds .

========================================================================
Received Import Request.
  Time since last request: 0.000350 seconds.
  path: Assets/ThirdPersonProjectAssetsV2 2/Invector-3rdPersonController_LITE/Prefabs/ThirdPersonController_LITE.prefab
  artifactKey: Guid(fc9b148a2950aaf4cba8422632222c5d) Importer(815301076,1909f56bfc062723c751e8b465ee728b)
Start importing Assets/ThirdPersonProjectAssetsV2 2/Invector-3rdPersonController_LITE/Prefabs/ThirdPersonController_LITE.prefab using Guid(fc9b148a2950aaf4cba8422632222c5d) Importer(815301076,1909f56bfc062723c751e8b465ee728b)  -> (artifact id: 'f638f905aa46af37e936d24667e04fb3') in 0.124438 seconds 
  Import took 0.132514 seconds .

========================================================================
Received Import Request.
  Time since last request: 0.000243 seconds.
  path: Assets/ThirdPersonProjectAssetsV2 2/3D Models/RPG Pack/Models/Bottles/bottle_green.FBX
  artifactKey: Guid(73c33de544278cc40862c8e46858e7fd) Importer(815301076,1909f56bfc062723c751e8b465ee728b)
Start importing Assets/ThirdPersonProjectAssetsV2 2/3D Models/RPG Pack/Models/Bottles/bottle_green.FBX using Guid(73c33de544278cc40862c8e46858e7fd) Importer(815301076,1909f56bfc062723c751e8b465ee728b)  -> (artifact id: 'a2c3a1288b75c3ad61ba6591d894d85d') in 0.014702 seconds 
  Import took 0.017002 seconds .

========================================================================
Received Import Request.
  Time since last request: 0.000280 seconds.
  path: Assets/ThirdPersonProjectAssetsV2 2/Invector-3rdPersonController_LITE/3D Models/Others/NewAssets/jumpOver.prefab
  artifactKey: Guid(bf04e4da3dc9cf44abb84704b3405fab) Importer(815301076,1909f56bfc062723c751e8b465ee728b)
Start importing Assets/ThirdPersonProjectAssetsV2 2/Invector-3rdPersonController_LITE/3D Models/Others/NewAssets/jumpOver.prefab using Guid(bf04e4da3dc9cf44abb84704b3405fab) Importer(815301076,1909f56bfc062723c751e8b465ee728b)  -> (artifact id: '0d5c92252f8bc1c77ec26a991da6063d') in 0.013288 seconds 
  Import took 0.015961 seconds .

========================================================================
Received Import Request.
  Time since last request: 0.000270 seconds.
  path: Assets/ThirdPersonProjectAssetsV2 2/3D Models/Props/Weapons/Grenades/RGD5/Prefabs/RGD-5 Red.prefab
  artifactKey: Guid(b86fa10acf9afaf46bc3255ca525152b) Importer(815301076,1909f56bfc062723c751e8b465ee728b)
Start importing Assets/ThirdPersonProjectAssetsV2 2/3D Models/Props/Weapons/Grenades/RGD5/Prefabs/RGD-5 Red.prefab using Guid(b86fa10acf9afaf46bc3255ca525152b) Importer(815301076,1909f56bfc062723c751e8b465ee728b)  -> (artifact id: 'd99e1183b2d7e2fe3463e98ee08c3514') in 0.037939 seconds 
  Import took 0.042163 seconds .

========================================================================
Received Import Request.
  Time since last request: 0.000333 seconds.
  path: Assets/ThirdPersonProjectAssetsV2 2/Invector-3rdPersonController_LITE/3D Models/Others/cube.fbx
  artifactKey: Guid(dee2cc7c00fcd6b4f90719f3660798f8) Importer(815301076,1909f56bfc062723c751e8b465ee728b)
Start importing Assets/ThirdPersonProjectAssetsV2 2/Invector-3rdPersonController_LITE/3D Models/Others/cube.fbx using Guid(dee2cc7c00fcd6b4f90719f3660798f8) Importer(815301076,1909f56bfc062723c751e8b465ee728b)  -> (artifact id: '398413259fa733a3655a62e19fa3d30a') in 0.036104 seconds 
  Import took 0.038865 seconds .

========================================================================
Received Import Request.
  Time since last request: 0.000298 seconds.
  path: Assets/ThirdPersonProjectAssetsV2 2/Invector-3rdPersonController_LITE/3D Models/Others/NewAssets/wall_big.prefab
  artifactKey: Guid(5f5d488710276db4c9dcf0bff9769b46) Importer(815301076,1909f56bfc062723c751e8b465ee728b)
Start importing Assets/ThirdPersonProjectAssetsV2 2/Invector-3rdPersonController_LITE/3D Models/Others/NewAssets/wall_big.prefab using Guid(5f5d488710276db4c9dcf0bff9769b46) Importer(815301076,1909f56bfc062723c751e8b465ee728b)  -> (artifact id: 'c39e063c82915e9f479040ceb4ab7af1') in 0.107873 seconds 
  Import took 0.109918 seconds .

========================================================================
Received Import Request.
  Time since last request: 0.000210 seconds.
  path: Assets/ThirdPersonProjectAssetsV2 2/Invector-3rdPersonController_LITE/3D Models/Others/NewAssets/floor.prefab
  artifactKey: Guid(ce681f0b940baed4a92d9f6cf065313c) Importer(815301076,1909f56bfc062723c751e8b465ee728b)
Start importing Assets/ThirdPersonProjectAssetsV2 2/Invector-3rdPersonController_LITE/3D Models/Others/NewAssets/floor.prefab using Guid(ce681f0b940baed4a92d9f6cf065313c) Importer(815301076,1909f56bfc062723c751e8b465ee728b)  -> (artifact id: '68e7aac43bd34ced986568f3c67b5ebe') in 0.014155 seconds 
  Import took 0.016229 seconds .

========================================================================
Received Import Request.
  Time since last request: 0.000253 seconds.
  path: Assets/ThirdPersonProjectAssetsV2 2/Invector-3rdPersonController_LITE/3D Models/Others/NewAssets/ramp45.prefab
  artifactKey: Guid(f5d856f1adac17240a941a3afff974aa) Importer(815301076,1909f56bfc062723c751e8b465ee728b)
Start importing Assets/ThirdPersonProjectAssetsV2 2/Invector-3rdPersonController_LITE/3D Models/Others/NewAssets/ramp45.prefab using Guid(f5d856f1adac17240a941a3afff974aa) Importer(815301076,1909f56bfc062723c751e8b465ee728b)  -> (artifact id: '6d242505b4f4c2c6804b92b78de88754') in 0.013858 seconds 
  Import took 0.016401 seconds .

========================================================================
Received Import Request.
  Time since last request: 0.000257 seconds.
  path: Assets/ThirdPersonProjectAssetsV2 2/Invector-3rdPersonController_LITE/3D Models/Others/NewAssets/column.prefab
  artifactKey: Guid(eefe45a07b2758447b94b0370e08d795) Importer(815301076,1909f56bfc062723c751e8b465ee728b)
Start importing Assets/ThirdPersonProjectAssetsV2 2/Invector-3rdPersonController_LITE/3D Models/Others/NewAssets/column.prefab using Guid(eefe45a07b2758447b94b0370e08d795) Importer(815301076,1909f56bfc062723c751e8b465ee728b)  -> (artifact id: 'e8c53669a440ce23971c9912f16c8adc') in 0.009268 seconds 
  Import took 0.011902 seconds .

========================================================================
Received Import Request.
  Time since last request: 0.000216 seconds.
  path: Assets/ThirdPersonProjectAssetsV2 2/Invector-3rdPersonController_LITE/3D Models/Others/NewAssets/columnB.prefab
  artifactKey: Guid(961d0fe6a50d8e3459a12b224216eb19) Importer(815301076,1909f56bfc062723c751e8b465ee728b)
Start importing Assets/ThirdPersonProjectAssetsV2 2/Invector-3rdPersonController_LITE/3D Models/Others/NewAssets/columnB.prefab using Guid(961d0fe6a50d8e3459a12b224216eb19) Importer(815301076,1909f56bfc062723c751e8b465ee728b)  -> (artifact id: '2c7f0deb3cd8944153ce37025ffbb9c5') in 0.010613 seconds 
  Import took 0.013294 seconds .

========================================================================
Received Import Request.
  Time since last request: 0.000286 seconds.
  path: Assets/ThirdPersonProjectAssetsV2 2/Invector-3rdPersonController_LITE/3D Models/Others/NewAssets/platform.prefab
  artifactKey: Guid(1fec5deec75ec0747b743170f3b534ce) Importer(815301076,1909f56bfc062723c751e8b465ee728b)
Start importing Assets/ThirdPersonProjectAssetsV2 2/Invector-3rdPersonController_LITE/3D Models/Others/NewAssets/platform.prefab using Guid(1fec5deec75ec0747b743170f3b534ce) Importer(815301076,1909f56bfc062723c751e8b465ee728b)  -> (artifact id: '751ace8242604cd2288a5bacfe466fb6') in 0.012179 seconds 
  Import took 0.015007 seconds .

========================================================================
Received Import Request.
  Time since last request: 0.000245 seconds.
  path: Assets/ThirdPersonProjectAssetsV2 2/Invector-3rdPersonController_LITE/3D Models/Others/NewAssets/tunel.prefab
  artifactKey: Guid(b2a8f296560ae6444858d484471ff353) Importer(815301076,1909f56bfc062723c751e8b465ee728b)
Start importing Assets/ThirdPersonProjectAssetsV2 2/Invector-3rdPersonController_LITE/3D Models/Others/NewAssets/tunel.prefab using Guid(b2a8f296560ae6444858d484471ff353) Importer(815301076,1909f56bfc062723c751e8b465ee728b)  -> (artifact id: 'd1af7450ed80137f1a627841282953e2') in 0.015306 seconds 
  Import took 0.017559 seconds .

========================================================================
Received Import Request.
  Time since last request: 0.000220 seconds.
  path: Assets/ThirdPersonProjectAssetsV2 2/Invector-3rdPersonController_LITE/3D Models/Others/NewAssets/ramp50.prefab
  artifactKey: Guid(0fb57ca83b7c27a438191a9159c7f6e0) Importer(815301076,1909f56bfc062723c751e8b465ee728b)
Start importing Assets/ThirdPersonProjectAssetsV2 2/Invector-3rdPersonController_LITE/3D Models/Others/NewAssets/ramp50.prefab using Guid(0fb57ca83b7c27a438191a9159c7f6e0) Importer(815301076,1909f56bfc062723c751e8b465ee728b)  -> (artifact id: 'b9b607784e732929d32f69bddf58fd94') in 0.014843 seconds 
  Import took 0.017134 seconds .

========================================================================
Received Import Request.
  Time since last request: 0.000225 seconds.
  path: Assets/ThirdPersonProjectAssetsV2 2/Invector-3rdPersonController_LITE/Prefabs/vThirdPersonCamera_LITE.prefab
  artifactKey: Guid(330efb0e9eed825408809c121441b8a5) Importer(815301076,1909f56bfc062723c751e8b465ee728b)
Start importing Assets/ThirdPersonProjectAssetsV2 2/Invector-3rdPersonController_LITE/Prefabs/vThirdPersonCamera_LITE.prefab using Guid(330efb0e9eed825408809c121441b8a5) Importer(815301076,1909f56bfc062723c751e8b465ee728b)  -> (artifact id: '30cc27cb597fe30721f4d02d0aa11cb3') in 0.004752 seconds 
  Import took 0.006943 seconds .

========================================================================
Received Import Request.
  Time since last request: 0.000224 seconds.
  path: Assets/ThirdPersonProjectAssetsV2 2/Invector-3rdPersonController_LITE/3D Models/Others/NewAssets/climbUp.prefab
  artifactKey: Guid(48f0c406a6058ef4096de43251b4dc26) Importer(815301076,1909f56bfc062723c751e8b465ee728b)
Start importing Assets/ThirdPersonProjectAssetsV2 2/Invector-3rdPersonController_LITE/3D Models/Others/NewAssets/climbUp.prefab using Guid(48f0c406a6058ef4096de43251b4dc26) Importer(815301076,1909f56bfc062723c751e8b465ee728b)  -> (artifact id: 'b131004ebe8c114b6b3b7e1981a065fa') in 0.014800 seconds 
  Import took 0.017459 seconds .

========================================================================
Received Import Request.
  Time since last request: 0.000191 seconds.
  path: Assets/ThirdPersonProjectAssetsV2 2/3D Models/RPG Pack/Prefabs/Bottle_Health.prefab
  artifactKey: Guid(7cafb89b5a0f61f479d0a748962abbbc) Importer(815301076,1909f56bfc062723c751e8b465ee728b)
Start importing Assets/ThirdPersonProjectAssetsV2 2/3D Models/RPG Pack/Prefabs/Bottle_Health.prefab using Guid(7cafb89b5a0f61f479d0a748962abbbc) Importer(815301076,1909f56bfc062723c751e8b465ee728b)  -> (artifact id: '070a7efd638832d9ec0a688bc66a08bb') in 0.014106 seconds 
  Import took 0.020195 seconds .

========================================================================
Received Import Request.
  Time since last request: 0.000250 seconds.
  path: Assets/ThirdPersonProjectAssetsV2 2/3D Models/RPG Pack/Prefabs/BoxOfPandora.prefab
  artifactKey: Guid(efebddd0b5766bd499be8b63f581de68) Importer(815301076,1909f56bfc062723c751e8b465ee728b)
Start importing Assets/ThirdPersonProjectAssetsV2 2/3D Models/RPG Pack/Prefabs/BoxOfPandora.prefab using Guid(efebddd0b5766bd499be8b63f581de68) Importer(815301076,1909f56bfc062723c751e8b465ee728b)  -> (artifact id: '01671a59c6ce884d25fbb21f36c11eba') in 0.028313 seconds 
  Import took 0.033178 seconds .

========================================================================
Received Import Request.
  Time since last request: 0.000756 seconds.
  path: Assets/ThirdPersonProjectAssetsV2 2/Invector-3rdPersonController_LITE/3D Models/Others/NewAssets/platforms.prefab
  artifactKey: Guid(8cd041aae7ecebf47b098dce146ad551) Importer(815301076,1909f56bfc062723c751e8b465ee728b)
Start importing Assets/ThirdPersonProjectAssetsV2 2/Invector-3rdPersonController_LITE/3D Models/Others/NewAssets/platforms.prefab using Guid(8cd041aae7ecebf47b098dce146ad551) Importer(815301076,1909f56bfc062723c751e8b465ee728b)  -> (artifact id: 'd7d913e7be846d8101da4ce578230ccd') in 0.017251 seconds 
  Import took 0.021816 seconds .

========================================================================
Received Import Request.
  Time since last request: 0.000335 seconds.
  path: Assets/ThirdPersonProjectAssetsV2 2/Invector-3rdPersonController_LITE/3D Models/Characters/Invector@V-Bot 2.0/FBX/VBOT_LOD.fbx
  artifactKey: Guid(340f99b8334a14c4a8a01dce6e1e5348) Importer(815301076,1909f56bfc062723c751e8b465ee728b)
Start importing Assets/ThirdPersonProjectAssetsV2 2/Invector-3rdPersonController_LITE/3D Models/Characters/Invector@V-Bot 2.0/FBX/VBOT_LOD.fbx using Guid(340f99b8334a14c4a8a01dce6e1e5348) Importer(815301076,1909f56bfc062723c751e8b465ee728b)  -> (artifact id: 'f756b6fa4fe379a591a75b6b68a6c511') in 0.070217 seconds 
  Import took 0.073200 seconds .

========================================================================
Received Import Request.
  Time since last request: 0.000648 seconds.
  path: Assets/ThirdPersonProjectAssetsV2 2/Invector-3rdPersonController_LITE/3D Models/Others/NewAssets/wall_small.prefab
  artifactKey: Guid(57f0e397c511a91489dcee01605a2aaf) Importer(815301076,1909f56bfc062723c751e8b465ee728b)
Start importing Assets/ThirdPersonProjectAssetsV2 2/Invector-3rdPersonController_LITE/3D Models/Others/NewAssets/wall_small.prefab using Guid(57f0e397c511a91489dcee01605a2aaf) Importer(815301076,1909f56bfc062723c751e8b465ee728b)  -> (artifact id: '005be00c8d9288130e5c8a80bc005651') in 0.009034 seconds 
  Import took 0.011358 seconds .

========================================================================
Received Import Request.
  Time since last request: 0.000248 seconds.
  path: Assets/ThirdPersonProjectAssetsV2 2/Invector-3rdPersonController_LITE/3D Models/Others/NewAssets/support.prefab
  artifactKey: Guid(5bb3244b3f1f9a7419e850ed4755f3a3) Importer(815301076,1909f56bfc062723c751e8b465ee728b)
Start importing Assets/ThirdPersonProjectAssetsV2 2/Invector-3rdPersonController_LITE/3D Models/Others/NewAssets/support.prefab using Guid(5bb3244b3f1f9a7419e850ed4755f3a3) Importer(815301076,1909f56bfc062723c751e8b465ee728b)  -> (artifact id: 'fd3b777c16f2f74da86b8209535671a7') in 0.010713 seconds 
  Import took 0.013263 seconds .

========================================================================
Received Import Request.
  Time since last request: 0.000203 seconds.
  path: Assets/ThirdPersonProjectAssetsV2 2/Invector-3rdPersonController_LITE/3D Models/Others/NewAssets/statueBase.prefab
  artifactKey: Guid(d51010ed245ef5041ae00a77949921df) Importer(815301076,1909f56bfc062723c751e8b465ee728b)
Start importing Assets/ThirdPersonProjectAssetsV2 2/Invector-3rdPersonController_LITE/3D Models/Others/NewAssets/statueBase.prefab using Guid(d51010ed245ef5041ae00a77949921df) Importer(815301076,1909f56bfc062723c751e8b465ee728b)  -> (artifact id: '42a7d22ca029b8db913a54d6b9b6f0dd') in 0.021076 seconds 
  Import took 0.023330 seconds .

========================================================================
Received Import Request.
  Time since last request: 0.000191 seconds.
  path: Assets/ThirdPersonProjectAssetsV2 2/Invector-3rdPersonController_LITE/3D Models/Others/NewAssets/door.prefab
  artifactKey: Guid(3fef0d0a73e72b543b52178ed33c4ccc) Importer(815301076,1909f56bfc062723c751e8b465ee728b)
Start importing Assets/ThirdPersonProjectAssetsV2 2/Invector-3rdPersonController_LITE/3D Models/Others/NewAssets/door.prefab using Guid(3fef0d0a73e72b543b52178ed33c4ccc) Importer(815301076,1909f56bfc062723c751e8b465ee728b)  -> (artifact id: '688269d80c196a98a2f24b37347dddb8') in 0.012054 seconds 
  Import took 0.014276 seconds .

========================================================================
Received Import Request.
  Time since last request: 0.000200 seconds.
  path: Assets/ThirdPersonProjectAssetsV2 2/3D Models/Props/Weapons/Grenades/RGD5/Mesh/RGD5.FBX
  artifactKey: Guid(af85bd807d09e1e4c8c609a9f1163153) Importer(815301076,1909f56bfc062723c751e8b465ee728b)
Start importing Assets/ThirdPersonProjectAssetsV2 2/3D Models/Props/Weapons/Grenades/RGD5/Mesh/RGD5.FBX using Guid(af85bd807d09e1e4c8c609a9f1163153) Importer(815301076,1909f56bfc062723c751e8b465ee728b)  -> (artifact id: 'd3f9cd0804d2aa78e41aa8644fa58a58') in 0.056360 seconds 
  Import took 0.060165 seconds .

========================================================================
Received Import Request.
  Time since last request: 0.000372 seconds.
  path: Assets/ThirdPersonProjectAssetsV2 2/Invector-3rdPersonController_LITE/3D Models/Others/NewAssets/ramp60.prefab
  artifactKey: Guid(62eaa7da9556c634a844390e68bdddcd) Importer(815301076,1909f56bfc062723c751e8b465ee728b)
Start importing Assets/ThirdPersonProjectAssetsV2 2/Invector-3rdPersonController_LITE/3D Models/Others/NewAssets/ramp60.prefab using Guid(62eaa7da9556c634a844390e68bdddcd) Importer(815301076,1909f56bfc062723c751e8b465ee728b)  -> (artifact id: '4add892de69a2ebe399beb178cd8f32a') in 0.014248 seconds 
  Import took 0.016851 seconds .

========================================================================
Received Import Request.
  Time since last request: 0.000249 seconds.
  path: Assets/ThirdPersonProjectAssetsV2 2/3D Models/RPG Pack/Prefabs/Coin.prefab
  artifactKey: Guid(5142a683d65bbf84abea6f07db9099c7) Importer(815301076,1909f56bfc062723c751e8b465ee728b)
Start importing Assets/ThirdPersonProjectAssetsV2 2/3D Models/RPG Pack/Prefabs/Coin.prefab using Guid(5142a683d65bbf84abea6f07db9099c7) Importer(815301076,1909f56bfc062723c751e8b465ee728b)  -> (artifact id: '689a4c1da0eb94e18f161f87d7728418') in 0.012072 seconds 
  Import took 0.014566 seconds .

========================================================================
Received Import Request.
  Time since last request: 0.000219 seconds.
  path: Assets/ThirdPersonProjectAssetsV2 2/3D Models/RPG Pack/Models/Bottles/bottle_red.FBX
  artifactKey: Guid(887a534051bdbf449b6fc141de3d5c53) Importer(815301076,1909f56bfc062723c751e8b465ee728b)
Start importing Assets/ThirdPersonProjectAssetsV2 2/3D Models/RPG Pack/Models/Bottles/bottle_red.FBX using Guid(887a534051bdbf449b6fc141de3d5c53) Importer(815301076,1909f56bfc062723c751e8b465ee728b)  -> (artifact id: '2ccf048b0acb87158c4ddc0702c7b7b0') in 0.013396 seconds 
  Import took 0.015592 seconds .

========================================================================
Received Prepare
Registering precompiled user dll's ...
Registered in 0.004277 seconds.
Begin MonoManager ReloadAssembly
Native extension for OSXStandalone target not found
Refreshing native plugins compatible for Editor in 0.36 ms, found 2 plugins.
Preloading 0 native plugins for Editor in 0.00 ms.
2022-10-06 10:20:25.801 Unity[3005:42830] NSEventModifierFlagFunction specified to -setKeyEquivalentModifierMask: for item <NSMenuItem: 0x600000779340 Font Asset, ke='Command-F12'>, but is only supported for system-provided menu items; will not be used
Mono: successfully reloaded assembly
- Completed reload, in  1.161 seconds
Domain Reload Profiling:
	ReloadAssembly (1161ms)
		BeginReloadAssembly (113ms)
			ExecutionOrderSort (0ms)
			DisableScriptedObjects (4ms)
			BackupInstance (0ms)
			ReleaseScriptingObjects (0ms)
			CreateAndSetChildDomain (50ms)
		EndReloadAssembly (982ms)
			LoadAssemblies (99ms)
			RebuildTransferFunctionScriptingTraits (0ms)
			SetupTypeCache (310ms)
			ReleaseScriptCaches (1ms)
			RebuildScriptCaches (50ms)
			SetupLoadedEditorAssemblies (406ms)
				LogAssemblyErrors (0ms)
				InitializePlatformSupportModulesInManaged (5ms)
				SetLoadedEditorAssemblies (0ms)
				RefreshPlugins (0ms)
				BeforeProcessingInitializeOnLoad (116ms)
				ProcessInitializeOnLoadAttributes (222ms)
				ProcessInitializeOnLoadMethodAttributes (61ms)
				AfterProcessingInitializeOnLoad (1ms)
				EditorAssembliesLoaded (0ms)
			ExecutionOrderSort2 (0ms)
			AwakeInstancesAfterBackupRestoration (7ms)
Platform modules already initialized, skipping
Refreshing native plugins compatible for Editor in 0.42 ms, found 2 plugins.
Preloading 0 native plugins for Editor in 0.00 ms.
Unloading 1500 Unused Serialized files (Serialized files now loaded: 0)
System memory in use before: 200.8 MB.
System memory in use after: 200.9 MB.

Unloading 16 unused Assets to reduce memory usage. Loaded Objects now: 1997.
Total: 2.700327 ms (FindLiveObjects: 0.219948 ms CreateObjectMapping: 0.047393 ms MarkObjects: 2.405723 ms  DeleteObjects: 0.026389 ms)

AssetImportParameters requested are different than current active one (requested -> active):
  custom:video-decoder-ogg-theora: a1e56fd34408186e4bbccfd4996cb3dc -> 
  custom:container-muxer-webm: aa71ff27fc2769a1b78a27578f13a17b -> 
  custom:container-demuxer-webm: 4f35f7cbe854078d1ac9338744f61a02 -> 
  custom:container-demuxer-ogg: 62fdf1f143b41e24485cea50d1cbac27 -> 
  custom:video-encoder-webm-vp8: eb34c28f22e8b96e1ab97ce403110664 -> 
  custom:framework-osx-AVFoundation: e770b220cccbd017edd2c1fefb359320 -> 
  custom:video-decoder-webm-vp8: 9c59270c3fd7afecdb556c50c9e8de78 -> 
  custom:audio-decoder-ogg-vorbis: bf7c407c2cedff20999df2af8eb42d56 -> 
  custom:audio-encoder-webm-vorbis: bf7c407c2cedff20999df2af8eb42d56 -> 
AssetImportWorkerClient::OnTransportError - code=2 error=End of file
